<?xml version="1.0" encoding="UTF-8"?>
<!-- Generated by org.testng.reporters.JUnitXMLReporter -->
<testsuite ignored="0" hostname="DESKTOP-3R5TTIF" failures="0" tests="3" name="Test1" time="16.21" errors="0" timestamp="2025-01-16T16:14:44 IST">
  <testcase classname="testNG.zomato" name="navigateToSwiggy" time="6.419"/>
  <testcase classname="testNG.Swiggy" name="navigateToSwiggy" time="5.77"/>
  <testcase classname="testNG.facebook" name="navigateToSwiggy" time="3.948"/>
</testsuite> <!-- Test1 -->
