<?xml version="1.0" encoding="UTF-8"?>
<!-- Generated by org.testng.reporters.JUnitXMLReporter -->
<testsuite ignored="0" hostname="DESKTOP-3R5TTIF" failures="0" tests="3" name="Test2" time="20.644" errors="0" timestamp="2025-01-16T16:14:49 IST">
  <testcase classname="testNG.zomato" name="navigateToSwiggy" time="6.697"/>
  <testcase classname="testNG.Swiggy" name="navigateToSwiggy" time="9.143"/>
  <testcase classname="testNG.facebook" name="navigateToSwiggy" time="4.748"/>
</testsuite> <!-- Test2 -->
