<?xml version="1.0" encoding="UTF-8"?>
<!-- Generated by org.testng.reporters.JUnitXMLReporter -->
<testsuite ignored="0" hostname="DESKTOP-3R5TTIF" failures="1" tests="1" name="Test" time="0.078" errors="0" timestamp="2025-02-26T09:05:57 IST">
  <testcase classname="UsingListeners.ListernersScenario" name="demo" time="0.017">
    <failure type="java.lang.AssertionError" message="null">
      <![CDATA[java.lang.AssertionError: null
at UsingListeners.ListernersScenario.demo(ListernersScenario.java:14)
at java.base/java.util.ArrayList.forEach(ArrayList.java:1597)
... Removed 27 stack frames]]>
    </failure>
  </testcase> <!-- demo -->
</testsuite> <!-- Test -->
